Determining if the pthread_create exist failed with the following output:
Change Dir: /home/enzoarata/Desktop/CS480/PA4/build/CMakeFiles/CMakeTmp

Run Build Command:"/usr/bin/make" "cmTC_373e1/fast"
/usr/bin/make -f CMakeFiles/cmTC_373e1.dir/build.make CMakeFiles/cmTC_373e1.dir/build
make[1]: Entering directory '/home/enzoarata/Desktop/CS480/PA4/build/CMakeFiles/CMakeTmp'
Building C object CMakeFiles/cmTC_373e1.dir/CheckSymbolExists.c.o
/usr/bin/cc    -o CMakeFiles/cmTC_373e1.dir/CheckSymbolExists.c.o   -c /home/enzoarata/Desktop/CS480/PA4/build/CMakeFiles/CMakeTmp/CheckSymbolExists.c
Linking C executable cmTC_373e1
/usr/bin/cmake -E cmake_link_script CMakeFiles/cmTC_373e1.dir/link.txt --verbose=1
/usr/bin/cc      -rdynamic CMakeFiles/cmTC_373e1.dir/CheckSymbolExists.c.o  -o cmTC_373e1 
CMakeFiles/cmTC_373e1.dir/CheckSymbolExists.c.o: In function `main':
CheckSymbolExists.c:(.text+0x1b): undefined reference to `pthread_create'
collect2: error: ld returned 1 exit status
CMakeFiles/cmTC_373e1.dir/build.make:97: recipe for target 'cmTC_373e1' failed
make[1]: *** [cmTC_373e1] Error 1
make[1]: Leaving directory '/home/enzoarata/Desktop/CS480/PA4/build/CMakeFiles/CMakeTmp'
Makefile:126: recipe for target 'cmTC_373e1/fast' failed
make: *** [cmTC_373e1/fast] Error 2

File /home/enzoarata/Desktop/CS480/PA4/build/CMakeFiles/CMakeTmp/CheckSymbolExists.c:
/* */
#include <pthread.h>

int main(int argc, char** argv)
{
  (void)argv;
#ifndef pthread_create
  return ((int*)(&pthread_create))[argc];
#else
  (void)argc;
  return 0;
#endif
}

Determining if the function pthread_create exists in the pthreads failed with the following output:
Change Dir: /home/enzoarata/Desktop/CS480/PA4/build/CMakeFiles/CMakeTmp

Run Build Command:"/usr/bin/make" "cmTC_864cb/fast"
/usr/bin/make -f CMakeFiles/cmTC_864cb.dir/build.make CMakeFiles/cmTC_864cb.dir/build
make[1]: Entering directory '/home/enzoarata/Desktop/CS480/PA4/build/CMakeFiles/CMakeTmp'
Building C object CMakeFiles/cmTC_864cb.dir/CheckFunctionExists.c.o
/usr/bin/cc   -DCHECK_FUNCTION_EXISTS=pthread_create   -o CMakeFiles/cmTC_864cb.dir/CheckFunctionExists.c.o   -c /usr/share/cmake-3.10/Modules/CheckFunctionExists.c
Linking C executable cmTC_864cb
/usr/bin/cmake -E cmake_link_script CMakeFiles/cmTC_864cb.dir/link.txt --verbose=1
/usr/bin/cc  -DCHECK_FUNCTION_EXISTS=pthread_create    -rdynamic CMakeFiles/cmTC_864cb.dir/CheckFunctionExists.c.o  -o cmTC_864cb -lpthreads 
/usr/bin/x86_64-linux-gnu-ld: cannot find -lpthreads
collect2: error: ld returned 1 exit status
CMakeFiles/cmTC_864cb.dir/build.make:97: recipe for target 'cmTC_864cb' failed
make[1]: *** [cmTC_864cb] Error 1
make[1]: Leaving directory '/home/enzoarata/Desktop/CS480/PA4/build/CMakeFiles/CMakeTmp'
Makefile:126: recipe for target 'cmTC_864cb/fast' failed
make: *** [cmTC_864cb/fast] Error 2


