Determining if the pthread_create exist failed with the following output:
Change Dir: /home/enzoarata/Desktop/Repository/Copy/cs480Mcilwain/PA8/build/CMakeFiles/CMakeTmp

Run Build Command:"/usr/bin/make" "cmTC_e821e/fast"
/usr/bin/make -f CMakeFiles/cmTC_e821e.dir/build.make CMakeFiles/cmTC_e821e.dir/build
make[1]: Entering directory '/home/enzoarata/Desktop/Repository/Copy/cs480Mcilwain/PA8/build/CMakeFiles/CMakeTmp'
Building C object CMakeFiles/cmTC_e821e.dir/CheckSymbolExists.c.o
/usr/bin/cc    -o CMakeFiles/cmTC_e821e.dir/CheckSymbolExists.c.o   -c /home/enzoarata/Desktop/Repository/Copy/cs480Mcilwain/PA8/build/CMakeFiles/CMakeTmp/CheckSymbolExists.c
Linking C executable cmTC_e821e
/usr/bin/cmake -E cmake_link_script CMakeFiles/cmTC_e821e.dir/link.txt --verbose=1
/usr/bin/cc      -rdynamic CMakeFiles/cmTC_e821e.dir/CheckSymbolExists.c.o  -o cmTC_e821e 
CMakeFiles/cmTC_e821e.dir/CheckSymbolExists.c.o: In function `main':
CheckSymbolExists.c:(.text+0x1b): undefined reference to `pthread_create'
collect2: error: ld returned 1 exit status
CMakeFiles/cmTC_e821e.dir/build.make:97: recipe for target 'cmTC_e821e' failed
make[1]: *** [cmTC_e821e] Error 1
make[1]: Leaving directory '/home/enzoarata/Desktop/Repository/Copy/cs480Mcilwain/PA8/build/CMakeFiles/CMakeTmp'
Makefile:126: recipe for target 'cmTC_e821e/fast' failed
make: *** [cmTC_e821e/fast] Error 2

File /home/enzoarata/Desktop/Repository/Copy/cs480Mcilwain/PA8/build/CMakeFiles/CMakeTmp/CheckSymbolExists.c:
/* */
#include <pthread.h>

int main(int argc, char** argv)
{
  (void)argv;
#ifndef pthread_create
  return ((int*)(&pthread_create))[argc];
#else
  (void)argc;
  return 0;
#endif
}

Determining if the function pthread_create exists in the pthreads failed with the following output:
Change Dir: /home/enzoarata/Desktop/Repository/Copy/cs480Mcilwain/PA8/build/CMakeFiles/CMakeTmp

Run Build Command:"/usr/bin/make" "cmTC_c9694/fast"
/usr/bin/make -f CMakeFiles/cmTC_c9694.dir/build.make CMakeFiles/cmTC_c9694.dir/build
make[1]: Entering directory '/home/enzoarata/Desktop/Repository/Copy/cs480Mcilwain/PA8/build/CMakeFiles/CMakeTmp'
Building C object CMakeFiles/cmTC_c9694.dir/CheckFunctionExists.c.o
/usr/bin/cc   -DCHECK_FUNCTION_EXISTS=pthread_create   -o CMakeFiles/cmTC_c9694.dir/CheckFunctionExists.c.o   -c /usr/share/cmake-3.10/Modules/CheckFunctionExists.c
Linking C executable cmTC_c9694
/usr/bin/cmake -E cmake_link_script CMakeFiles/cmTC_c9694.dir/link.txt --verbose=1
/usr/bin/cc  -DCHECK_FUNCTION_EXISTS=pthread_create    -rdynamic CMakeFiles/cmTC_c9694.dir/CheckFunctionExists.c.o  -o cmTC_c9694 -lpthreads 
/usr/bin/x86_64-linux-gnu-ld: cannot find -lpthreads
collect2: error: ld returned 1 exit status
CMakeFiles/cmTC_c9694.dir/build.make:97: recipe for target 'cmTC_c9694' failed
make[1]: *** [cmTC_c9694] Error 1
make[1]: Leaving directory '/home/enzoarata/Desktop/Repository/Copy/cs480Mcilwain/PA8/build/CMakeFiles/CMakeTmp'
Makefile:126: recipe for target 'cmTC_c9694/fast' failed
make: *** [cmTC_c9694/fast] Error 2


